[2017-09-21 09:26:13] name.DEBUG: Started call to http://frontend.gousto.local at 2017-09-21 09:26:13 [] []
[2017-09-21 09:29:26] name.DEBUG: Started call to http://frontend.gousto.local at 2017-09-21 09:29:26 [] []
[2017-09-21 09:29:31] name.DEBUG: Completed call to http://frontend.gousto.local in 1ms with response code 503 [] []
[2017-09-21 09:30:20] name.DEBUG: Started call to http://frontend.gousto.local at 2017-09-21 09:30:20 [] []
[2017-09-21 09:30:25] name.DEBUG: Completed call to http://frontend.gousto.local in 5023ms with response code 503 [] []
[2017-09-21 09:33:52] name.DEBUG: Started call to https://en.wikipedia.org/wiki/Main_Page at 2017-09-21 09:33:52 [] []
[2017-09-21 09:33:53] name.DEBUG: Completed call to https://en.wikipedia.org/wiki/Main_Page in 188ms with response code 200 [] []
[2017-09-21 09:37:27] name.DEBUG: Started call to http://frontend.gousto.local at 2017-09-21 09:37:27 [] []
[2017-09-21 09:37:27] name.DEBUG: Started call to https://en.wikipedia.org/wiki/Main_Page at 2017-09-21 09:37:27 [] []
[2017-09-21 09:37:27] name.DEBUG: Started call to https://www.google.co.uk at 2017-09-21 09:37:27 [] []
[2017-09-21 09:37:27] name.DEBUG: Completed call to https://en.wikipedia.org/wiki/Main_Page in 116ms with response code 200 [] []
[2017-09-21 09:37:27] name.DEBUG: Completed call to https://www.google.co.uk in 130ms with response code 200 [] []
[2017-09-21 09:37:32] name.DEBUG: Completed call to http://frontend.gousto.local in 5023ms with response code 503 [] []
[2017-09-21 09:58:21] name.DEBUG: Started call to https://www.facebook.com at 2017-09-21 09:58:21 [] []
[2017-09-21 09:58:21] name.DEBUG: Started call to https://en.wikipedia.org/wiki/Main_Page at 2017-09-21 09:58:21 [] []
[2017-09-21 09:58:21] name.DEBUG: Started call to https://www.google.co.uk at 2017-09-21 09:58:21 [] []
[2017-09-21 09:58:21] name.DEBUG: Completed call to https://en.wikipedia.org/wiki/Main_Page in 144ms with response code 200 [] []
[2017-09-21 09:58:21] name.DEBUG: Completed call to https://www.google.co.uk in 144ms with response code 200 [] []
[2017-09-21 09:58:21] name.DEBUG: Completed call to https://www.facebook.com in 364ms with response code 200 [] []
[2017-09-21 09:59:07] name.DEBUG: Started call to https://www.facebook.com at 2017-09-21 09:59:07 [] []
[2017-09-21 09:59:07] name.DEBUG: Started call to https://en.wikipedia.org/wiki/Main_Page at 2017-09-21 09:59:07 [] []
[2017-09-21 09:59:07] name.DEBUG: Started call to https://www.google.co.uk at 2017-09-21 09:59:07 [] []
[2017-09-21 09:59:07] name.DEBUG: Completed call to https://en.wikipedia.org/wiki/Main_Page in 79ms with response code 200 [] []
[2017-09-21 09:59:07] name.DEBUG: Completed call to https://www.google.co.uk in 96ms with response code 200 [] []
[2017-09-21 09:59:07] name.DEBUG: Completed call to https://www.facebook.com in 334ms with response code 200 [] []
